$NetBSD: patch-result_errors_759573.xml.err,v 1.1 2018/11/09 15:31:46 leot Exp $

Test output adjustment for CVE-2017-8872 fix.

https://bugzilla.gnome.org/show_bug.cgi?id=775200
https://gitlab.gnome.org/GNOME/libxml2/issues/26
https://gitlab.gnome.org/GNOME/libxml2/commit/123234f2cfcd9e9b9f83047eee1dc17b4c3f4407

--- result/errors/759573.xml.err.orig  2017-07-23 05:10:06.000000000 +0000
+++ result/errors/759573.xml.err
@@ -21,14 +21,11 @@ Entity: line 1:
             ^
 ./test/errors/759573.xml:1: parser error : internal error: xmlParseInternalSubset: error detected in Markup declaration
 
-<?h?><!DOCTYPEt[<!ELEMENT t (A)><!ENTITY % xx '&#37;<![INCLUDE[000&#37;&#3000;00
-     ^
+
+^
 ./test/errors/759573.xml:1: parser error : DOCTYPE improperly terminated
-<?h?><!DOCTYPEt[<!ELEMENT t (A)><!ENTITY % xx '&#37;<![INCLUDE[000&#37;&#3000;00
-     ^
-./test/errors/759573.xml:1: parser error : StartTag: invalid element name
-<?h?><!DOCTYPEt[<!ELEMENT t (A)><!ENTITY % xx '&#37;<![INCLUDE[000&#37;&#3000;00
-      ^
-./test/errors/759573.xml:1: parser error : Extra content at the end of the document
-<?h?><!DOCTYPEt[<!ELEMENT t (A)><!ENTITY % xx '&#37;<![INCLUDE[000&#37;&#3000;00
-      ^
+
+^
+./test/errors/759573.xml:1: parser error : Start tag expected, '<' not found
+
+^
