@comment $NetBSD: PLIST-a.out,v 1.3 2000/10/14 09:24:47 martin Exp $
@option extract-in-place
bin/mozilla
lib/mozilla/chrome/user-locales.rdf
lib/mozilla/chrome/user-skins.rdf
@comment begin PROGRAMS
lib/mozilla/mozilla-bin
lib/mozilla/nsTestSample
lib/mozilla/nsinstall
lib/mozilla/regExport
lib/mozilla/regchrome
lib/mozilla/regxpcom
lib/mozilla/timebombgen
lib/mozilla/vreg
lib/mozilla/xpidl
lib/mozilla/xpt_dump
lib/mozilla/xpt_link
@comment end PROGRAMS
@comment begin SCRIPTS
lib/mozilla/mozilla-config
@comment end SCRIPTS
@comment begin DSO
lib/mozilla/components/libabsyncsvc.so.1.0
lib/mozilla/components/libaddrbook.so.1.0
lib/mozilla/components/libappcomps.so.1.0
lib/mozilla/components/libcaps.so.1.0
lib/mozilla/components/libchardet.so.1.0
lib/mozilla/components/libchrome.so.1.0
lib/mozilla/components/libcookie.so.1.0
lib/mozilla/components/libdocshell.so.1.0
lib/mozilla/components/libeditor.so.1.0
lib/mozilla/components/libgfx_gtk.so.1.0
lib/mozilla/components/libgfxps.so.1.0
lib/mozilla/components/libgklayout.so.1.0
lib/mozilla/components/libgkplugin.so.1.0
lib/mozilla/components/libgkview.so.1.0
lib/mozilla/components/libhtmlpars.so.1.0
lib/mozilla/components/libimpText.so.1.0
lib/mozilla/components/libimport.so.1.0
lib/mozilla/components/libjar50.so.1.0
lib/mozilla/components/libjsloader.so.1.0
lib/mozilla/components/libjsurl.so.1.0
lib/mozilla/components/liblocalmail.so.1.0
lib/mozilla/components/liblwbrk.so.1.0
lib/mozilla/components/libmailnews.so.1.0
lib/mozilla/components/libmime.so.1.0
lib/mozilla/components/libmimeemitter.so.1.0
lib/mozilla/components/libmork.so.1.0
lib/mozilla/components/libmozbrwsr.so.1.0
lib/mozilla/components/libmozfind.so.1.0
lib/mozilla/components/libmozucth.so.1.0
lib/mozilla/components/libmozxfer.so.1.0
lib/mozilla/components/libmsgcompose.so.1.0
lib/mozilla/components/libmsgdb.so.1.0
lib/mozilla/components/libmsgimap.so.1.0
lib/mozilla/components/libmsgnews.so.1.0
lib/mozilla/components/libnecko.so.1.0
lib/mozilla/components/libnecko2.so.1.0
lib/mozilla/components/libnsappshell.so.1.0
lib/mozilla/components/libnsgif.so.1.0
lib/mozilla/components/libnsjpg.so.1.0
lib/mozilla/components/libnslocale.so.1.0
lib/mozilla/components/libnsmng.so.1.0
lib/mozilla/components/libnspng.so.1.0
lib/mozilla/components/libnsprefm.so.1.0
lib/mozilla/components/liboji.so.1.0
lib/mozilla/components/libpref.so.1.0
lib/mozilla/components/libprofile.so.1.0
lib/mozilla/components/libpsmglue.so.1.0
lib/mozilla/components/librdf.so.1.0
lib/mozilla/components/libregviewer.so.1.0
lib/mozilla/components/libsample.so.1.0
lib/mozilla/components/libshistory.so.1.0
lib/mozilla/components/libsigned.so.1.0
lib/mozilla/components/libsmime.so.1.0
lib/mozilla/components/libstrres.so.1.0
lib/mozilla/components/libtimer_gtk.so.1.0
lib/mozilla/components/libtxmgr.so.1.0
lib/mozilla/components/libtxtsvc.so.1.0
lib/mozilla/components/libuconv.so.1.0
lib/mozilla/components/libucvcn.so.1.0
lib/mozilla/components/libucvibm.so.1.0
lib/mozilla/components/libucvja.so.1.0
lib/mozilla/components/libucvko.so.1.0
lib/mozilla/components/libucvlatin.so.1.0
lib/mozilla/components/libucvmath.so.1.0
lib/mozilla/components/libucvtw.so.1.0
lib/mozilla/components/libucvtw2.so.1.0
lib/mozilla/components/libunicharutil.so.1.0
lib/mozilla/components/liburiloader.so.1.0
lib/mozilla/components/libvcard.so.1.0
lib/mozilla/components/libwallet.so.1.0
lib/mozilla/components/libwalletviewers.so.1.0
lib/mozilla/components/libwebbrwsr.so.1.0
lib/mozilla/components/libwidget_gtk.so.1.0
lib/mozilla/components/libxmlextras.so.1.0
lib/mozilla/components/libxpconnect.so.1.0
lib/mozilla/components/libxpinstall.so.1.0
lib/mozilla/libcmt.so.1.0
lib/mozilla/libgkgfx.so.1.0
lib/mozilla/libgtkembedmoz.so.1.0
lib/mozilla/libgtksuperwin.so.1.0
lib/mozilla/libgtkxtbin.so.1.0
lib/mozilla/libjsdom.so.1.0
lib/mozilla/libjsj.so.1.0
lib/mozilla/libmozjs.so.1.0
lib/mozilla/libmsgbaseutil.so.1.0
lib/mozilla/libnspr4.so.1.0
lib/mozilla/libnullplugin.so.1.0
lib/mozilla/libplc4.so.1.0
lib/mozilla/libplds4.so.1.0
lib/mozilla/libprotocol.so.1.0
lib/mozilla/libxpcom.so.1.0
lib/mozilla/libxpistub.so.1.0
lib/mozilla/plugins/libnullplugin.so.1.0
@comment end DSO
@comment begin DATA
lib/mozilla/bloaturls.txt
lib/mozilla/chrome/all-locales.rdf
lib/mozilla/chrome/all-packages.rdf
lib/mozilla/chrome/all-skins.rdf
lib/mozilla/chrome/blue.jar
lib/mozilla/chrome/classic.jar
lib/mozilla/chrome/comm.jar
lib/mozilla/chrome/embed.jar
lib/mozilla/chrome/en-US.jar
lib/mozilla/chrome/installed-chrome.txt
lib/mozilla/chrome/messenger.jar
lib/mozilla/chrome/modern.jar
lib/mozilla/chrome/overlayinfo/communicator/content/overlays.rdf
lib/mozilla/chrome/overlayinfo/editor/content/overlays.rdf
lib/mozilla/chrome/overlayinfo/messenger/content/overlays.rdf
lib/mozilla/chrome/overlayinfo/navigator/content/overlays.rdf
lib/mozilla/chrome/toolkit.jar
lib/mozilla/component.reg
lib/mozilla/components/absync.xpt
lib/mozilla/components/addrbook.xpt
lib/mozilla/components/appshell.xpt
lib/mozilla/components/autocomplete.xpt
lib/mozilla/components/bookmarks.xpt
lib/mozilla/components/caps.xpt
lib/mozilla/components/chrome.xpt
lib/mozilla/components/cookieviewer.xpt
lib/mozilla/components/directory.xpt
lib/mozilla/components/docshell.xpt
lib/mozilla/components/dom.xpt
lib/mozilla/components/editor.xpt
lib/mozilla/components/exthandler.xpt
lib/mozilla/components/gfx.xpt
lib/mozilla/components/history.xpt
lib/mozilla/components/import.xpt
lib/mozilla/components/intl.xpt
lib/mozilla/components/jar.xpt
lib/mozilla/components/jsconsole-clhandler.js
lib/mozilla/components/jsurl.xpt
lib/mozilla/components/layout.xpt
lib/mozilla/components/layout_base.xpt
lib/mozilla/components/layout_xul.xpt
lib/mozilla/components/locale.xpt
lib/mozilla/components/mailnews.xpt
lib/mozilla/components/mime.xpt
lib/mozilla/components/mimetype.xpt
lib/mozilla/components/mozbrwsr.xpt
lib/mozilla/components/mozcomps.xpt
lib/mozilla/components/mozfind.xpt
lib/mozilla/components/mozucth.xpt
lib/mozilla/components/mozxfer.xpt
lib/mozilla/components/msgbase.xpt
lib/mozilla/components/msgcompose.xpt
lib/mozilla/components/msgdb.xpt
lib/mozilla/components/msgimap.xpt
lib/mozilla/components/msglocal.xpt
lib/mozilla/components/msgnews.xpt
lib/mozilla/components/msgsearch.xpt
lib/mozilla/components/necko.xpt
lib/mozilla/components/necko_about.xpt
lib/mozilla/components/necko_cache.xpt
lib/mozilla/components/necko_data.xpt
lib/mozilla/components/necko_dns.xpt
lib/mozilla/components/necko_ftp.xpt
lib/mozilla/components/necko_http.xpt
lib/mozilla/components/necko_jar.xpt
lib/mozilla/components/necko_res.xpt
lib/mozilla/components/necko_socket.xpt
lib/mozilla/components/necko_strconv.xpt
lib/mozilla/components/nsDictionary.js
lib/mozilla/components/nsFilePicker.js
lib/mozilla/components/nsSample.js
lib/mozilla/components/nsSidebar.js
lib/mozilla/components/nsXmlRpcClient.js
lib/mozilla/components/oji.xpt
lib/mozilla/components/plugin.xpt
lib/mozilla/components/pref.xpt
lib/mozilla/components/prefmigr.xpt
lib/mozilla/components/profile.xpt
lib/mozilla/components/proxyObjInst.xpt
lib/mozilla/components/psmglue.xpt
lib/mozilla/components/rdf.xpt
lib/mozilla/components/regviewer.xpt
lib/mozilla/components/related.xpt
lib/mozilla/components/remote.xpt
lib/mozilla/components/remoteControl.js
lib/mozilla/components/sample.xpt
lib/mozilla/components/search.xpt
lib/mozilla/components/shistory.xpt
lib/mozilla/components/sidebar.xpt
lib/mozilla/components/signonviewer.xpt
lib/mozilla/components/timebomb.xpt
lib/mozilla/components/txmgr.xpt
lib/mozilla/components/uconv.xpt
lib/mozilla/components/unicharutil.xpt
lib/mozilla/components/uriloader.xpt
lib/mozilla/components/urlbarhistory.xpt
lib/mozilla/components/util.xpt
lib/mozilla/components/wallet.xpt
lib/mozilla/components/walleteditor.xpt
lib/mozilla/components/walletpreview.xpt
lib/mozilla/components/webBrowser_core.xpt
lib/mozilla/components/webshell_idls.xpt
lib/mozilla/components/widget.xpt
lib/mozilla/components/xml-rpc.xpt
lib/mozilla/components/xmlextras.xpt
lib/mozilla/components/xmlsoap.xpt
lib/mozilla/components/xpcom_base.xpt
lib/mozilla/components/xpcom_components.xpt
lib/mozilla/components/xpcom_ds.xpt
lib/mozilla/components/xpcom_io.xpt
lib/mozilla/components/xpcom_threads.xpt
lib/mozilla/components/xpcom_xpti.xpt
lib/mozilla/components/xpconnect.xpt
lib/mozilla/components/xpinstall.xpt
lib/mozilla/components/xpti.dat
lib/mozilla/components/xptitemp.dat
lib/mozilla/defaults/pref/all.js
lib/mozilla/defaults/pref/config.js
lib/mozilla/defaults/pref/editor.js
lib/mozilla/defaults/pref/initpref.js
lib/mozilla/defaults/pref/mailnews.js
lib/mozilla/defaults/pref/security-prefs.js
lib/mozilla/defaults/pref/unix.js
lib/mozilla/defaults/pref/xpinstall.js
lib/mozilla/defaults/profile/bookmarks.html
lib/mozilla/defaults/profile/en-US/bookmarks.html
lib/mozilla/defaults/profile/en-US/localstore.rdf
lib/mozilla/defaults/profile/en-US/mimeTypes.rdf
lib/mozilla/defaults/profile/en-US/panels.rdf
lib/mozilla/defaults/profile/en-US/search.rdf
lib/mozilla/defaults/profile/localstore.rdf
lib/mozilla/defaults/profile/mimeTypes.rdf
lib/mozilla/defaults/profile/panels.rdf
lib/mozilla/defaults/profile/search.rdf
lib/mozilla/defaults/wallet/DistinguishedSchema.tbl
lib/mozilla/defaults/wallet/FieldSchema.tbl
lib/mozilla/defaults/wallet/SchemaConcat.tbl
lib/mozilla/defaults/wallet/URLFieldSchema.tbl
lib/mozilla/dtd/mathml.dtd
lib/mozilla/gtkEmbed
lib/mozilla/icons/mozicon16.xpm
lib/mozilla/icons/mozicon50.xpm
lib/mozilla/res/acceptlanguage.properties
lib/mozilla/res/arrow.gif
lib/mozilla/res/charsetData.properties
lib/mozilla/res/charsetalias.properties
lib/mozilla/res/entityTables/html40Latin1.properties
lib/mozilla/res/entityTables/html40Special.properties
lib/mozilla/res/entityTables/html40Symbols.properties
lib/mozilla/res/entityTables/htmlEntityVersions.properties
lib/mozilla/res/entityTables/transliterate.properties
lib/mozilla/res/html.css
lib/mozilla/res/html/broken-image.gif
lib/mozilla/res/html/gopher-audio.gif
lib/mozilla/res/html/gopher-binary.gif
lib/mozilla/res/html/gopher-find.gif
lib/mozilla/res/html/gopher-image.gif
lib/mozilla/res/html/gopher-menu.gif
lib/mozilla/res/html/gopher-movie.gif
lib/mozilla/res/html/gopher-telnet.gif
lib/mozilla/res/html/gopher-text.gif
lib/mozilla/res/html/gopher-unknown.gif
lib/mozilla/res/langGroups.properties
lib/mozilla/res/language.properties
lib/mozilla/res/mathml.css
lib/mozilla/res/quirk.css
lib/mozilla/res/rdf/article.gif
lib/mozilla/res/rdf/document.gif
lib/mozilla/res/rdf/dom-test-1.xul
lib/mozilla/res/rdf/dom-test-2.xul
lib/mozilla/res/rdf/dom-test-3.xul
lib/mozilla/res/rdf/dom-test-4.css
lib/mozilla/res/rdf/dom-test-4.xul
lib/mozilla/res/rdf/dom-test-5.xul
lib/mozilla/res/rdf/dom-test-6.xul
lib/mozilla/res/rdf/dom-test-7.xul
lib/mozilla/res/rdf/dom-test-8.xul
lib/mozilla/res/rdf/folder-closed.gif
lib/mozilla/res/rdf/folder-open.gif
lib/mozilla/res/rdf/ignore-test.xul
lib/mozilla/res/rdf/loading.gif
lib/mozilla/res/rdf/xpidl-test-1.xul
lib/mozilla/res/samples/colorpicker.xul
lib/mozilla/res/samples/dexopenchrome.xul
lib/mozilla/res/samples/dexparamdialog.html
lib/mozilla/res/samples/dexparamdialog.xul
lib/mozilla/res/samples/hidetoolicon.css
lib/mozilla/res/samples/hidetoolicon.xul
lib/mozilla/res/samples/sampleimages/bongo.gif
lib/mozilla/res/samples/sampleimages/down.gif
lib/mozilla/res/samples/sampleimages/left.gif
lib/mozilla/res/samples/sampleimages/right.gif
lib/mozilla/res/samples/sampleimages/up.gif
lib/mozilla/res/samples/tab.xul
lib/mozilla/res/samples/widgets.xul
lib/mozilla/res/samples/xpconnect-sample.html
lib/mozilla/res/samples/xpmenu.xul
lib/mozilla/res/ua.css
lib/mozilla/res/unixcharset.properties
lib/mozilla/searchplugins/AOLSearch.gif
lib/mozilla/searchplugins/AOLSearch.src
lib/mozilla/searchplugins/ClassifiedPlus.gif
lib/mozilla/searchplugins/ClassifiedPlus.src
lib/mozilla/searchplugins/CompuServe.jpg
lib/mozilla/searchplugins/CompuServe.src
lib/mozilla/searchplugins/ICQ.gif
lib/mozilla/searchplugins/ICQ.src
lib/mozilla/searchplugins/Music_Artist.gif
lib/mozilla/searchplugins/Music_Artist.src
lib/mozilla/searchplugins/NetscapeSearch.gif
lib/mozilla/searchplugins/NetscapeSearch.src
lib/mozilla/searchplugins/Shareware.gif
lib/mozilla/searchplugins/Shareware.src
lib/mozilla/searchplugins/ShopNetscape.gif
lib/mozilla/searchplugins/ShopNetscape.src
lib/mozilla/searchplugins/Tech_News.gif
lib/mozilla/searchplugins/Tech_News.src
lib/mozilla/searchplugins/google.gif
lib/mozilla/searchplugins/google.src
lib/mozilla/splash.xpm
lib/mozilla/xpcshell
@comment end DATA
@dirrm lib/mozilla/searchplugins
@dirrm lib/mozilla/res/samples/sampleimages
@dirrm lib/mozilla/res/samples
@dirrm lib/mozilla/res/rdf
@dirrm lib/mozilla/res/html
@dirrm lib/mozilla/res/entityTables
@dirrm lib/mozilla/res
@dirrm lib/mozilla/plugins
@dirrm lib/mozilla/icons
@dirrm lib/mozilla/dtd
@dirrm lib/mozilla/defaults/wallet
@dirrm lib/mozilla/defaults/profile/en-US
@dirrm lib/mozilla/defaults/profile
@dirrm lib/mozilla/defaults/pref
@dirrm lib/mozilla/defaults
@dirrm lib/mozilla/components
@dirrm lib/mozilla/chrome/overlayinfo/navigator/content
@dirrm lib/mozilla/chrome/overlayinfo/navigator
@dirrm lib/mozilla/chrome/overlayinfo/messenger/content
@dirrm lib/mozilla/chrome/overlayinfo/messenger
@dirrm lib/mozilla/chrome/overlayinfo/editor/content
@dirrm lib/mozilla/chrome/overlayinfo/editor
@dirrm lib/mozilla/chrome/overlayinfo/communicator/content
@dirrm lib/mozilla/chrome/overlayinfo/communicator
@dirrm lib/mozilla/chrome/overlayinfo
@dirrm lib/mozilla/chrome
@dirrm lib/mozilla
